++ /nas/ucb/tutrinh/anaconda3/bin/conda shell.bash hook
+ eval 'export CONDA_EXE='\''/nas/ucb/tutrinh/anaconda3/bin/conda'\''
export _CE_M='\'''\''
export _CE_CONDA='\'''\''
export CONDA_PYTHON_EXE='\''/nas/ucb/tutrinh/anaconda3/bin/python'\''

# Copyright (C) 2012 Anaconda, Inc
# SPDX-License-Identifier: BSD-3-Clause
__conda_exe() (
    "$CONDA_EXE" $_CE_M $_CE_CONDA "$@"
)

__conda_hashr() {
    if [ -n "${ZSH_VERSION:+x}" ]; then
        \rehash
    elif [ -n "${POSH_VERSION:+x}" ]; then
        :  # pass
    else
        \hash -r
    fi
}

__conda_activate() {
    if [ -n "${CONDA_PS1_BACKUP:+x}" ]; then
        # Handle transition from shell activated with conda <= 4.3 to a subsequent activation
        # after conda updated to >= 4.4. See issue #6173.
        PS1="$CONDA_PS1_BACKUP"
        \unset CONDA_PS1_BACKUP
    fi
    \local ask_conda
    ask_conda="$(PS1="${PS1:-}" __conda_exe shell.posix "$@")" || \return
    \eval "$ask_conda"
    __conda_hashr
}

__conda_reactivate() {
    \local ask_conda
    ask_conda="$(PS1="${PS1:-}" __conda_exe shell.posix reactivate)" || \return
    \eval "$ask_conda"
    __conda_hashr
}

conda() {
    \local cmd="${1-__missing__}"
    case "$cmd" in
        activate|deactivate)
            __conda_activate "$@"
            ;;
        install|update|upgrade|remove|uninstall)
            __conda_exe "$@" || \return
            __conda_reactivate
            ;;
        *)
            __conda_exe "$@"
            ;;
    esac
}

if [ -z "${CONDA_SHLVL+x}" ]; then
    \export CONDA_SHLVL=0
    # In dev-mode CONDA_EXE is python.exe and on Windows
    # it is in a different relative location to condabin.
    if [ -n "${_CE_CONDA:+x}" ] && [ -n "${WINDIR+x}" ]; then
        PATH="$(\dirname "$CONDA_EXE")/condabin${PATH:+":${PATH}"}"
    else
        PATH="$(\dirname "$(\dirname "$CONDA_EXE")")/condabin${PATH:+":${PATH}"}"
    fi
    \export PATH

    # We'\''re not allowing PS1 to be unbound. It must at least be set.
    # However, we'\''re not exporting it, which can cause problems when starting a second shell
    # via a first shell (i.e. starting zsh from bash).
    if [ -z "${PS1+x}" ]; then
        PS1=
    fi
fi

conda activate base'
++ export CONDA_EXE=/nas/ucb/tutrinh/anaconda3/bin/conda
++ CONDA_EXE=/nas/ucb/tutrinh/anaconda3/bin/conda
++ export _CE_M=
++ _CE_M=
++ export _CE_CONDA=
++ _CE_CONDA=
++ export CONDA_PYTHON_EXE=/nas/ucb/tutrinh/anaconda3/bin/python
++ CONDA_PYTHON_EXE=/nas/ucb/tutrinh/anaconda3/bin/python
++ '[' -z x ']'
++ conda activate base
++ local cmd=activate
++ case "$cmd" in
++ __conda_activate activate base
++ '[' -n '' ']'
++ local ask_conda
+++ PS1=
+++ __conda_exe shell.posix activate base
+++ /nas/ucb/tutrinh/anaconda3/bin/conda shell.posix activate base
++ ask_conda='PS1='\''(base) '\''
export PATH='\''/home/tutrinh/.local/bin:/nas/ucb/tutrinh/anaconda3/bin:/nas/ucb/tutrinh/anaconda3/condabin:/usr/local/sbin:/usr/local/bin:/usr/sbin:/usr/bin:/sbin:/bin:/usr/games:/usr/local/games:/home/tutrinh/.local/bin'\''
export CONDA_SHLVL='\''1'\''
export CONDA_PROMPT_MODIFIER='\''(base) '\'''
++ eval 'PS1='\''(base) '\''
export PATH='\''/home/tutrinh/.local/bin:/nas/ucb/tutrinh/anaconda3/bin:/nas/ucb/tutrinh/anaconda3/condabin:/usr/local/sbin:/usr/local/bin:/usr/sbin:/usr/bin:/sbin:/bin:/usr/games:/usr/local/games:/home/tutrinh/.local/bin'\''
export CONDA_SHLVL='\''1'\''
export CONDA_PROMPT_MODIFIER='\''(base) '\'''
+++ PS1='(base) '
+++ export PATH=/home/tutrinh/.local/bin:/nas/ucb/tutrinh/anaconda3/bin:/nas/ucb/tutrinh/anaconda3/condabin:/usr/local/sbin:/usr/local/bin:/usr/sbin:/usr/bin:/sbin:/bin:/usr/games:/usr/local/games:/home/tutrinh/.local/bin
+++ PATH=/home/tutrinh/.local/bin:/nas/ucb/tutrinh/anaconda3/bin:/nas/ucb/tutrinh/anaconda3/condabin:/usr/local/sbin:/usr/local/bin:/usr/sbin:/usr/bin:/sbin:/bin:/usr/games:/usr/local/games:/home/tutrinh/.local/bin
+++ export CONDA_SHLVL=1
+++ CONDA_SHLVL=1
+++ export 'CONDA_PROMPT_MODIFIER=(base) '
+++ CONDA_PROMPT_MODIFIER='(base) '
++ __conda_hashr
++ '[' -n '' ']'
++ '[' -n '' ']'
++ hash -r
+ conda activate chai
+ local cmd=activate
+ case "$cmd" in
+ __conda_activate activate chai
+ '[' -n '' ']'
+ local ask_conda
++ PS1='(base) '
++ __conda_exe shell.posix activate chai
++ /nas/ucb/tutrinh/anaconda3/bin/conda shell.posix activate chai
+ ask_conda='PS1='\''(chai) '\''
export PATH='\''/home/tutrinh/.local/bin:/nas/ucb/tutrinh/anaconda3/envs/chai/bin:/nas/ucb/tutrinh/anaconda3/condabin:/usr/local/sbin:/usr/local/bin:/usr/sbin:/usr/bin:/sbin:/bin:/usr/games:/usr/local/games:/home/tutrinh/.local/bin'\''
export CONDA_PREFIX='\''/nas/ucb/tutrinh/anaconda3/envs/chai'\''
export CONDA_SHLVL='\''2'\''
export CONDA_DEFAULT_ENV='\''chai'\''
export CONDA_PROMPT_MODIFIER='\''(chai) '\''
export CONDA_PREFIX_1='\''/nas/ucb/tutrinh/anaconda3'\''
export CONDA_EXE='\''/nas/ucb/tutrinh/anaconda3/bin/conda'\''
export _CE_M='\'''\''
export _CE_CONDA='\'''\''
export CONDA_PYTHON_EXE='\''/nas/ucb/tutrinh/anaconda3/bin/python'\'''
+ eval 'PS1='\''(chai) '\''
export PATH='\''/home/tutrinh/.local/bin:/nas/ucb/tutrinh/anaconda3/envs/chai/bin:/nas/ucb/tutrinh/anaconda3/condabin:/usr/local/sbin:/usr/local/bin:/usr/sbin:/usr/bin:/sbin:/bin:/usr/games:/usr/local/games:/home/tutrinh/.local/bin'\''
export CONDA_PREFIX='\''/nas/ucb/tutrinh/anaconda3/envs/chai'\''
export CONDA_SHLVL='\''2'\''
export CONDA_DEFAULT_ENV='\''chai'\''
export CONDA_PROMPT_MODIFIER='\''(chai) '\''
export CONDA_PREFIX_1='\''/nas/ucb/tutrinh/anaconda3'\''
export CONDA_EXE='\''/nas/ucb/tutrinh/anaconda3/bin/conda'\''
export _CE_M='\'''\''
export _CE_CONDA='\'''\''
export CONDA_PYTHON_EXE='\''/nas/ucb/tutrinh/anaconda3/bin/python'\'''
++ PS1='(chai) '
++ export PATH=/home/tutrinh/.local/bin:/nas/ucb/tutrinh/anaconda3/envs/chai/bin:/nas/ucb/tutrinh/anaconda3/condabin:/usr/local/sbin:/usr/local/bin:/usr/sbin:/usr/bin:/sbin:/bin:/usr/games:/usr/local/games:/home/tutrinh/.local/bin
++ PATH=/home/tutrinh/.local/bin:/nas/ucb/tutrinh/anaconda3/envs/chai/bin:/nas/ucb/tutrinh/anaconda3/condabin:/usr/local/sbin:/usr/local/bin:/usr/sbin:/usr/bin:/sbin:/bin:/usr/games:/usr/local/games:/home/tutrinh/.local/bin
++ export CONDA_PREFIX=/nas/ucb/tutrinh/anaconda3/envs/chai
++ CONDA_PREFIX=/nas/ucb/tutrinh/anaconda3/envs/chai
++ export CONDA_SHLVL=2
++ CONDA_SHLVL=2
++ export CONDA_DEFAULT_ENV=chai
++ CONDA_DEFAULT_ENV=chai
++ export 'CONDA_PROMPT_MODIFIER=(chai) '
++ CONDA_PROMPT_MODIFIER='(chai) '
++ export CONDA_PREFIX_1=/nas/ucb/tutrinh/anaconda3
++ CONDA_PREFIX_1=/nas/ucb/tutrinh/anaconda3
++ export CONDA_EXE=/nas/ucb/tutrinh/anaconda3/bin/conda
++ CONDA_EXE=/nas/ucb/tutrinh/anaconda3/bin/conda
++ export _CE_M=
++ _CE_M=
++ export _CE_CONDA=
++ _CE_CONDA=
++ export CONDA_PYTHON_EXE=/nas/ucb/tutrinh/anaconda3/bin/python
++ CONDA_PYTHON_EXE=/nas/ucb/tutrinh/anaconda3/bin/python
+ __conda_hashr
+ '[' -n '' ']'
+ '[' -n '' ']'
+ hash -r
+ export CUDA_LAUNCH_BLOCKING=1
+ CUDA_LAUNCH_BLOCKING=1
+ cd /nas/ucb/tutrinh/selfexplainingai
+ srun baselines/transformer_baseline.py -m obs -t
srun: error: cirl.ist.berkeley.edu: task 0: Exited with exit code 8
slurmstepd: error: execve(): baselines/transformer_baseline.py: Exec format error
